Time building tree 0 : 0
Time computing gini  : 1.173
Time computing gini  : 1.192
Time building tree 1 : 1.192
Time computing gini  : 1.183
Time computing gini  : 0.652
Time computing gini  : 0.598
Time computing gini  : 1.228
Time computing gini  : 0.771
Time computing gini  : 0.578
Time building tree 2 : 2.579
Time computing gini  : 0.912
Time computing gini  : 0.472
Time computing gini  : 0.35
Time computing gini  : 0.157
Time computing gini  : 0.454
Time computing gini  : 0.351
Time computing gini  : 0.096
Time computing gini  : 0.951
Time computing gini  : 0.464
Time computing gini  : 0.387
Time computing gini  : 0.157
Time computing gini  : 0.424
Time computing gini  : 0.341
Time computing gini  : 0.094
Time building tree 3 : 2.821
Time computing gini  : 0.941
Time computing gini  : 0.503
Time computing gini  : 0.195
Time computing gini  : 0.192
Time computing gini  : 0.022
Time computing gini  : 0.301
Time computing gini  : 0.12
Time computing gini  : 0.177
Time computing gini  : 0.47
Time computing gini  : 0.224
Time computing gini  : 0.18
Time computing gini  : 0.045
Time computing gini  : 0.284
Time computing gini  : 0.126
Time computing gini  : 0.185
Time computing gini  : 1.139
Time computing gini  : 0.777
Time computing gini  : 0.391
Time computing gini  : 0.42
Time computing gini  : 0.023
Time computing gini  : 0.358
Time computing gini  : 0.147
Time computing gini  : 0.28
Time computing gini  : 0.469
Time computing gini  : 0.27
Time computing gini  : 0.276
Time computing gini  : 0.081
Time computing gini  : 0.211
Time computing gini  : 0.086
Time computing gini  : 0.147
Time building tree 4 : 5.086
Time building forest : 22.066
0.8
